# JRE version: Java(TM) SE Runtime Environment (14.0.2+12) (build 14.0.2+12-46)
# Java VM: Java HotSpot(TM) 64-Bit Server VM (14.0.2+12-46, mixed mode, sharing, tiered, compressed oops, parallel gc, windows-amd64)
Heap:
 PSYoungGen      total 28160K, used 28128K [0x00000000eab00000, 0x00000000ece00000, 0x0000000100000000)
  eden space 23552K, 100% used [0x00000000eab00000,0x00000000ec200000,0x00000000ec200000)
  from space 4608K, 99% used [0x00000000ec280000,0x00000000ec6f8020,0x00000000ec700000)
  to   space 6144K, 77% used [0x00000000ec800000,0x00000000ecca51a0,0x00000000ece00000)
 ParOldGen       total 68608K, used 21055K [0x00000000c0000000, 0x00000000c4300000, 0x00000000eab00000)
  object space 68608K, 30% used [0x00000000c0000000,0x00000000c148fd98,0x00000000c4300000)
 Metaspace       used 36484K, capacity 38656K, committed 38952K, reserved 1083392K
  class space    used 3933K, capacity 4693K, committed 4736K, reserved 1048576K
GC Heap History (20 events):
Event: 5.300 GC heap after
{Heap after GC invocations=2 (full 0):
 PSYoungGen      total 29696K, used 4065K [0x00000000eab00000, 0x00000000ecc00000, 0x0000000100000000)
  eden space 25600K, 0% used [0x00000000eab00000,0x00000000eab00000,0x00000000ec400000)
  from space 4096K, 99% used [0x00000000ec800000,0x00000000ecbf85a8,0x00000000ecc00000)
  to   space 4096K, 0% used [0x00000000ec400000,0x00000000ec400000,0x00000000ec800000)
 ParOldGen       total 68608K, used 3244K [0x00000000c0000000, 0x00000000c4300000, 0x00000000eab00000)
  object space 68608K, 4% used [0x00000000c0000000,0x00000000c032b078,0x00000000c4300000)
 Metaspace       used 18695K, capacity 19750K, committed 19840K, reserved 1067008K
  class space    used 1784K, capacity 2120K, committed 2176K, reserved 1048576K
}
Event: 14.779 GC heap before
{Heap before GC invocations=3 (full 0):
 PSYoungGen      total 29696K, used 17243K [0x00000000eab00000, 0x00000000ecc00000, 0x0000000100000000)
  eden space 25600K, 51% used [0x00000000eab00000,0x00000000eb7de808,0x00000000ec400000)
  from space 4096K, 99% used [0x00000000ec800000,0x00000000ecbf85a8,0x00000000ecc00000)
  to   space 4096K, 0% used [0x00000000ec400000,0x00000000ec400000,0x00000000ec800000)
 ParOldGen       total 68608K, used 3244K [0x00000000c0000000, 0x00000000c4300000, 0x00000000eab00000)
  object space 68608K, 4% used [0x00000000c0000000,0x00000000c032b078,0x00000000c4300000)
 Metaspace       used 20096K, capacity 21196K, committed 21296K, reserved 1069056K
  class space    used 1888K, capacity 2235K, committed 2304K, reserved 1048576K
}
Event: 14.784 GC heap after
{Heap after GC invocations=3 (full 0):
 PSYoungGen      total 29696K, used 4083K [0x00000000eab00000, 0x00000000ecc00000, 0x0000000100000000)
  eden space 25600K, 0% used [0x00000000eab00000,0x00000000eab00000,0x00000000ec400000)
  from space 4096K, 99% used [0x00000000ec400000,0x00000000ec7fcd50,0x00000000ec800000)
  to   space 4096K, 0% used [0x00000000ec800000,0x00000000ec800000,0x00000000ecc00000)
 ParOldGen       total 68608K, used 4130K [0x00000000c0000000, 0x00000000c4300000, 0x00000000eab00000)
  object space 68608K, 6% used [0x00000000c0000000,0x00000000c0408950,0x00000000c4300000)
 Metaspace       used 20096K, capacity 21196K, committed 21296K, reserved 1069056K
  class space    used 1888K, capacity 2235K, committed 2304K, reserved 1048576K
}
Event: 14.784 GC heap before
{Heap before GC invocations=4 (full 1):
 PSYoungGen      total 29696K, used 4083K [0x00000000eab00000, 0x00000000ecc00000, 0x0000000100000000)
  eden space 25600K, 0% used [0x00000000eab00000,0x00000000eab00000,0x00000000ec400000)
  from space 4096K, 99% used [0x00000000ec400000,0x00000000ec7fcd50,0x00000000ec800000)
  to   space 4096K, 0% used [0x00000000ec800000,0x00000000ec800000,0x00000000ecc00000)
 ParOldGen       total 68608K, used 4130K [0x00000000c0000000, 0x00000000c4300000, 0x00000000eab00000)
  object space 68608K, 6% used [0x00000000c0000000,0x00000000c0408950,0x00000000c4300000)
 Metaspace       used 20096K, capacity 21196K, committed 21296K, reserved 1069056K
  class space    used 1888K, capacity 2235K, committed 2304K, reserved 1048576K
}
Event: 14.815 GC heap after
{Heap after GC invocations=4 (full 1):
 PSYoungGen      total 29696K, used 0K [0x00000000eab00000, 0x00000000ecc00000, 0x0000000100000000)
  eden space 25600K, 0% used [0x00000000eab00000,0x00000000eab00000,0x00000000ec400000)
  from space 4096K, 0% used [0x00000000ec400000,0x00000000ec400000,0x00000000ec800000)
  to   space 4096K, 0% used [0x00000000ec800000,0x00000000ec800000,0x00000000ecc00000)
 ParOldGen       total 68608K, used 8043K [0x00000000c0000000, 0x00000000c4300000, 0x00000000eab00000)
  object space 68608K, 11% used [0x00000000c0000000,0x00000000c07daf88,0x00000000c4300000)
 Metaspace       used 20096K, capacity 21196K, committed 21296K, reserved 1069056K
  class space    used 1888K, capacity 2235K, committed 2304K, reserved 1048576K
}
Event: 18.244 GC heap before
{Heap before GC invocations=5 (full 1):
 PSYoungGen      total 29696K, used 25600K [0x00000000eab00000, 0x00000000ecc00000, 0x0000000100000000)
  eden space 25600K, 100% used [0x00000000eab00000,0x00000000ec400000,0x00000000ec400000)
  from space 4096K, 0% used [0x00000000ec400000,0x00000000ec400000,0x00000000ec800000)
  to   space 4096K, 0% used [0x00000000ec800000,0x00000000ec800000,0x00000000ecc00000)
 ParOldGen       total 68608K, used 8043K [0x00000000c0000000, 0x00000000c4300000, 0x00000000eab00000)
  object space 68608K, 11% used [0x00000000c0000000,0x00000000c07daf88,0x00000000c4300000)
 Metaspace       used 28197K, capacity 30050K, committed 30336K, reserved 1075200K
  class space    used 2909K, capacity 3624K, committed 3712K, reserved 1048576K
}
Event: 18.248 GC heap after
{Heap after GC invocations=5 (full 1):
 PSYoungGen      total 29696K, used 4066K [0x00000000eab00000, 0x00000000ecc00000, 0x0000000100000000)
  eden space 25600K, 0% used [0x00000000eab00000,0x00000000eab00000,0x00000000ec400000)
  from space 4096K, 99% used [0x00000000ec800000,0x00000000ecbf8968,0x00000000ecc00000)
  to   space 4096K, 0% used [0x00000000ec400000,0x00000000ec400000,0x00000000ec800000)
 ParOldGen       total 68608K, used 8059K [0x00000000c0000000, 0x00000000c4300000, 0x00000000eab00000)
  object space 68608K, 11% used [0x00000000c0000000,0x00000000c07def88,0x00000000c4300000)
 Metaspace       used 28197K, capacity 30050K, committed 30336K, reserved 1075200K
  class space    used 2909K, capacity 3624K, committed 3712K, reserved 1048576K
}
Event: 18.937 GC heap before
{Heap before GC invocations=6 (full 1):
 PSYoungGen      total 29696K, used 29666K [0x00000000eab00000, 0x00000000ecc00000, 0x0000000100000000)
  eden space 25600K, 100% used [0x00000000eab00000,0x00000000ec400000,0x00000000ec400000)
  from space 4096K, 99% used [0x00000000ec800000,0x00000000ecbf8968,0x00000000ecc00000)
  to   space 4096K, 0% used [0x00000000ec400000,0x00000000ec400000,0x00000000ec800000)
 ParOldGen       total 68608K, used 8059K [0x00000000c0000000, 0x00000000c4300000, 0x00000000eab00000)
  object space 68608K, 11% used [0x00000000c0000000,0x00000000c07def88,0x00000000c4300000)
 Metaspace       used 31975K, capacity 33916K, committed 34048K, reserved 1079296K
  class space    used 3377K, capacity 4058K, committed 4096K, reserved 1048576K
}
Event: 18.943 GC heap after
{Heap after GC invocations=6 (full 1):
 PSYoungGen      total 29184K, used 4075K [0x00000000eab00000, 0x00000000ed080000, 0x0000000100000000)
  eden space 25088K, 0% used [0x00000000eab00000,0x00000000eab00000,0x00000000ec380000)
  from space 4096K, 99% used [0x00000000ec400000,0x00000000ec7faed0,0x00000000ec800000)
  to   space 6656K, 0% used [0x00000000eca00000,0x00000000eca00000,0x00000000ed080000)
 ParOldGen       total 68608K, used 9992K [0x00000000c0000000, 0x00000000c4300000, 0x00000000eab00000)
  object space 68608K, 14% used [0x00000000c0000000,0x00000000c09c2070,0x00000000c4300000)
 Metaspace       used 31975K, capacity 33916K, committed 34048K, reserved 1079296K
  class space    used 3377K, capacity 4058K, committed 4096K, reserved 1048576K
}
Event: 19.333 GC heap before
{Heap before GC invocations=7 (full 1):
 PSYoungGen      total 29184K, used 13589K [0x00000000eab00000, 0x00000000ed080000, 0x0000000100000000)
  eden space 25088K, 37% used [0x00000000eab00000,0x00000000eb44a540,0x00000000ec380000)
  from space 4096K, 99% used [0x00000000ec400000,0x00000000ec7faed0,0x00000000ec800000)
  to   space 6656K, 0% used [0x00000000eca00000,0x00000000eca00000,0x00000000ed080000)
 ParOldGen       total 68608K, used 9992K [0x00000000c0000000, 0x00000000c4300000, 0x00000000eab00000)
  object space 68608K, 14% used [0x00000000c0000000,0x00000000c09c2070,0x00000000c4300000)
 Metaspace       used 33376K, capacity 35357K, committed 35496K, reserved 1081344K
  class space    used 3543K, capacity 4257K, committed 4352K, reserved 1048576K
}
Event: 19.339 GC heap after
{Heap after GC invocations=7 (full 1):
 PSYoungGen      total 30208K, used 4739K [0x00000000eab00000, 0x00000000ecf00000, 0x0000000100000000)
  eden space 25088K, 0% used [0x00000000eab00000,0x00000000eab00000,0x00000000ec380000)
  from space 5120K, 92% used [0x00000000eca00000,0x00000000ecea0d08,0x00000000ecf00000)
  to   space 5632K, 0% used [0x00000000ec400000,0x00000000ec400000,0x00000000ec980000)
 ParOldGen       total 68608K, used 10000K [0x00000000c0000000, 0x00000000c4300000, 0x00000000eab00000)
  object space 68608K, 14% used [0x00000000c0000000,0x00000000c09c4070,0x00000000c4300000)
 Metaspace       used 33376K, capacity 35357K, committed 35496K, reserved 1081344K
  class space    used 3543K, capacity 4257K, committed 4352K, reserved 1048576K
}
Event: 19.339 GC heap before
{Heap before GC invocations=8 (full 2):
 PSYoungGen      total 30208K, used 4739K [0x00000000eab00000, 0x00000000ecf00000, 0x0000000100000000)
  eden space 25088K, 0% used [0x00000000eab00000,0x00000000eab00000,0x00000000ec380000)
  from space 5120K, 92% used [0x00000000eca00000,0x00000000ecea0d08,0x00000000ecf00000)
  to   space 5632K, 0% used [0x00000000ec400000,0x00000000ec400000,0x00000000ec980000)
 ParOldGen       total 68608K, used 10000K [0x00000000c0000000, 0x00000000c4300000, 0x00000000eab00000)
  object space 68608K, 14% used [0x00000000c0000000,0x00000000c09c4070,0x00000000c4300000)
 Metaspace       used 33376K, capacity 35357K, committed 35496K, reserved 1081344K
  class space    used 3543K, capacity 4257K, committed 4352K, reserved 1048576K
}
Event: 19.397 GC heap after
{Heap after GC invocations=8 (full 2):
 PSYoungGen      total 30208K, used 0K [0x00000000eab00000, 0x00000000ecf00000, 0x0000000100000000)
  eden space 25088K, 0% used [0x00000000eab00000,0x00000000eab00000,0x00000000ec380000)
  from space 5120K, 0% used [0x00000000eca00000,0x00000000eca00000,0x00000000ecf00000)
  to   space 5632K, 0% used [0x00000000ec400000,0x00000000ec400000,0x00000000ec980000)
 ParOldGen       total 68608K, used 14319K [0x00000000c0000000, 0x00000000c4300000, 0x00000000eab00000)
  object space 68608K, 20% used [0x00000000c0000000,0x00000000c0dfbd98,0x00000000c4300000)
 Metaspace       used 33376K, capacity 35357K, committed 35496K, reserved 1081344K
  class space    used 3543K, capacity 4257K, committed 4352K, reserved 1048576K
}
Event: 19.847 GC heap before
{Heap before GC invocations=9 (full 2):
 PSYoungGen      total 30208K, used 25088K [0x00000000eab00000, 0x00000000ecf00000, 0x0000000100000000)
  eden space 25088K, 100% used [0x00000000eab00000,0x00000000ec380000,0x00000000ec380000)
  from space 5120K, 0% used [0x00000000eca00000,0x00000000eca00000,0x00000000ecf00000)
  to   space 5632K, 0% used [0x00000000ec400000,0x00000000ec400000,0x00000000ec980000)
 ParOldGen       total 68608K, used 14319K [0x00000000c0000000, 0x00000000c4300000, 0x00000000eab00000)
  object space 68608K, 20% used [0x00000000c0000000,0x00000000c0dfbd98,0x00000000c4300000)
 Metaspace       used 34884K, capacity 36932K, committed 37160K, reserved 1081344K
  class space    used 3730K, capacity 4461K, committed 4480K, reserved 1048576K
}
Event: 19.851 GC heap after
{Heap after GC invocations=9 (full 2):
 PSYoungGen      total 26624K, used 1888K [0x00000000eab00000, 0x00000000eca80000, 0x0000000100000000)
  eden space 24576K, 0% used [0x00000000eab00000,0x00000000eab00000,0x00000000ec300000)
  from space 2048K, 92% used [0x00000000ec400000,0x00000000ec5d8020,0x00000000ec600000)
  to   space 3072K, 0% used [0x00000000ec780000,0x00000000ec780000,0x00000000eca80000)
 ParOldGen       total 68608K, used 14327K [0x00000000c0000000, 0x00000000c4300000, 0x00000000eab00000)
  object space 68608K, 20% used [0x00000000c0000000,0x00000000c0dfdd98,0x00000000c4300000)
 Metaspace       used 34884K, capacity 36932K, committed 37160K, reserved 1081344K
  class space    used 3730K, capacity 4461K, committed 4480K, reserved 1048576K
}
Event: 20.080 GC heap before
{Heap before GC invocations=10 (full 2):
 PSYoungGen      total 26624K, used 26464K [0x00000000eab00000, 0x00000000eca80000, 0x0000000100000000)
  eden space 24576K, 100% used [0x00000000eab00000,0x00000000ec300000,0x00000000ec300000)
  from space 2048K, 92% used [0x00000000ec400000,0x00000000ec5d8020,0x00000000ec600000)
  to   space 3072K, 0% used [0x00000000ec780000,0x00000000ec780000,0x00000000eca80000)
 ParOldGen       total 68608K, used 14327K [0x00000000c0000000, 0x00000000c4300000, 0x00000000eab00000)
  object space 68608K, 20% used [0x00000000c0000000,0x00000000c0dfdd98,0x00000000c4300000)
 Metaspace       used 35513K, capacity 37671K, committed 37800K, reserved 1083392K
  class space    used 3802K, capacity 4559K, committed 4608K, reserved 1048576K
}
Event: 20.083 GC heap after
{Heap after GC invocations=10 (full 2):
 PSYoungGen      total 27136K, used 3040K [0x00000000eab00000, 0x00000000ecb80000, 0x0000000100000000)
  eden space 24064K, 0% used [0x00000000eab00000,0x00000000eab00000,0x00000000ec280000)
  from space 3072K, 98% used [0x00000000ec780000,0x00000000eca78010,0x00000000eca80000)
  to   space 4608K, 0% used [0x00000000ec280000,0x00000000ec280000,0x00000000ec700000)
 ParOldGen       total 68608K, used 15119K [0x00000000c0000000, 0x00000000c4300000, 0x00000000eab00000)
  object space 68608K, 22% used [0x00000000c0000000,0x00000000c0ec3da8,0x00000000c4300000)
 Metaspace       used 35513K, capacity 37671K, committed 37800K, reserved 1083392K
  class space    used 3802K, capacity 4559K, committed 4608K, reserved 1048576K
}
Event: 20.390 GC heap before
{Heap before GC invocations=11 (full 2):
 PSYoungGen      total 27136K, used 27104K [0x00000000eab00000, 0x00000000ecb80000, 0x0000000100000000)
  eden space 24064K, 100% used [0x00000000eab00000,0x00000000ec280000,0x00000000ec280000)
  from space 3072K, 98% used [0x00000000ec780000,0x00000000eca78010,0x00000000eca80000)
  to   space 4608K, 0% used [0x00000000ec280000,0x00000000ec280000,0x00000000ec700000)
 ParOldGen       total 68608K, used 15119K [0x00000000c0000000, 0x00000000c4300000, 0x00000000eab00000)
  object space 68608K, 22% used [0x00000000c0000000,0x00000000c0ec3da8,0x00000000c4300000)
 Metaspace       used 36188K, capacity 38426K, committed 38696K, reserved 1083392K
  class space    used 3883K, capacity 4660K, committed 4736K, reserved 1048576K
}
Event: 20.394 GC heap after
{Heap after GC invocations=11 (full 2):
 PSYoungGen      total 28160K, used 4576K [0x00000000eab00000, 0x00000000ece00000, 0x0000000100000000)
  eden space 23552K, 0% used [0x00000000eab00000,0x00000000eab00000,0x00000000ec200000)
  from space 4608K, 99% used [0x00000000ec280000,0x00000000ec6f8020,0x00000000ec700000)
  to   space 6144K, 0% used [0x00000000ec800000,0x00000000ec800000,0x00000000ece00000)
 ParOldGen       total 68608K, used 15851K [0x00000000c0000000, 0x00000000c4300000, 0x00000000eab00000)
  object space 68608K, 23% used [0x00000000c0000000,0x00000000c0f7adb8,0x00000000c4300000)
 Metaspace       used 36188K, capacity 38426K, committed 38696K, reserved 1083392K
  class space    used 3883K, capacity 4660K, committed 4736K, reserved 1048576K
}
Event: 20.540 GC heap before
{Heap before GC invocations=12 (full 2):
 PSYoungGen      total 28160K, used 28128K [0x00000000eab00000, 0x00000000ece00000, 0x0000000100000000)
  eden space 23552K, 100% used [0x00000000eab00000,0x00000000ec200000,0x00000000ec200000)
  from space 4608K, 99% used [0x00000000ec280000,0x00000000ec6f8020,0x00000000ec700000)
  to   space 6144K, 0% used [0x00000000ec800000,0x00000000ec800000,0x00000000ece00000)
 ParOldGen       total 68608K, used 15851K [0x00000000c0000000, 0x00000000c4300000, 0x00000000eab00000)
  object space 68608K, 23% used [0x00000000c0000000,0x00000000c0f7adb8,0x00000000c4300000)
 Metaspace       used 36484K, capacity 38656K, committed 38952K, reserved 1083392K
  class space    used 3933K, capacity 4693K, committed 4736K, reserved 1048576K
}

